<?xml version="1.0" encoding="utf-8"?>
<testsuite errors="0" failures="1" name="mypy" skips="0" tests="1" time="35.797">
  <testcase classname="mypy" file="mypy" line="1" name="mypy-py3_11-darwin" time="35.797">
    <failure message="mypy produced messages">training/train.py:8: error: Library stubs not installed for "yaml"  [import-untyped]
training/train.py:8: note: Hint: "python3 -m pip install types-PyYAML"
training/train.py:8: note: (or run "mypy --install-types" to install all missing stub packages)
training/train.py:8: note: See https://mypy.readthedocs.io/en/stable/running_mypy.html#missing-imports
training/train.py:133: error: Item "None" of "Run | None" has no attribute "summary"  [union-attr]</failure>
  </testcase>
</testsuite>
